


ARM Macro Assembler    Page 1 


    1 00000000         ;*******************************************************
                       *************************
    2 00000000         ;* File Name          : startup_stm32f446xx.s
    3 00000000         ;* Author             : MCD Application Team
    4 00000000         ;* Description        : STM32F446x devices vector table 
                       for MDK-ARM toolchain. 
    5 00000000         ;*                      This module performs:
    6 00000000         ;*                      - Set the initial SP
    7 00000000         ;*                      - Set the initial PC == Reset_Ha
                       ndler
    8 00000000         ;*                      - Set the vector table entries w
                       ith the exceptions ISR address
    9 00000000         ;*                      After Reset the CortexM4 process
                       or is in Thread mode,
   10 00000000         ;*                      priority is Privileged, and the 
                       Stack is set to Main.
   11 00000000         ;* <<< Use Configuration Wizard in Context Menu >>>   
   12 00000000         ;*******************************************************
                       ************************
   13 00000000         ;* @attention
   14 00000000         ;*
   15 00000000         ;* Copyright (c) 2017 STMicroelectronics.
   16 00000000         ;* All rights reserved.
   17 00000000         ;*
   18 00000000         ;* This software is licensed under terms that can be fou
                       nd in the LICENSE file
   19 00000000         ;* in the root directory of this software component.
   20 00000000         ;* If no LICENSE file comes with this software, it is pr
                       ovided AS-IS.
   21 00000000         ;*
   22 00000000         ;*******************************************************
                       ************************
   23 00000000         
   24 00000000         ; Amount of memory (in bytes) allocated for Stack
   25 00000000         ; Tailor this value to your application needs
   26 00000000         ; <h> Stack Configuration
   27 00000000         ;   <o> Stack Size (in Bytes) <0x0-0xFFFFFFFF:8>
   28 00000000         ; </h>
   29 00000000         
   30 00000000         ;******************** Added by Dr. Zhu *****************
                       ************************************
   31 00000000         ; ROM:  Symbols defined by the linker
   32 00000000                 IMPORT           |Load$$ER_IROM1$$Base| ; Entry 
                                                            of Bootloader
   33 00000000         
   34 00000000                 IMPORT           |Image$$ER_IROM1$$RO$$Base| ; S
                                                            tart of RO output s
                                                            ection
   35 00000000                 IMPORT           |Image$$ER_IROM1$$RO$$Limit| ; 
                                                            First byte beyond t
                                                            he end of RO output
                                                             section
   36 00000000                 IMPORT           |Image$$ER_IROM1$$RO$$Length| ;
                                                             Size of RO output 
                                                            section
   37 00000000         
   38 00000000                 IMPORT           |Image$$ER_IROM1$$RW$$Base|
   39 00000000                 IMPORT           |Image$$ER_IROM1$$RW$$Length|
   40 00000000                 IMPORT           |Image$$ER_IROM1$$RW$$Limit|



ARM Macro Assembler    Page 2 


   41 00000000         
   42 00000000                 IMPORT           |Image$$ER_IROM1$$ZI$$Base|
   43 00000000                 IMPORT           |Image$$ER_IROM1$$ZI$$Length|
   44 00000000                 IMPORT           |Image$$ER_IROM1$$ZI$$Limit|
   45 00000000         
   46 00000000         ; RAM: Symbols defined by the linker
   47 00000000                 IMPORT           |Load$$RW_IRAM1$$Base| 
                                                            ; Load Address 
   48 00000000                 IMPORT           |Image$$RW_IRAM1$$Base| ; Start
                                                             of RW output secti
                                                            on
   49 00000000                 IMPORT           |Image$$RW_IRAM1$$Length|
   50 00000000                 IMPORT           |Image$$RW_IRAM1$$Limit|
   51 00000000         
   52 00000000                 IMPORT           |Image$$RW_IRAM1$$RO$$Base|
   53 00000000                 IMPORT           |Image$$RW_IRAM1$$RO$$Base|
   54 00000000                 IMPORT           |Image$$RW_IRAM1$$RO$$Length|
   55 00000000         
   56 00000000                 IMPORT           |Image$$RW_IRAM1$$RW$$Base| ; S
                                                            tart of RW output s
                                                            ection
   57 00000000                 IMPORT           |Image$$RW_IRAM1$$RW$$Limit| ; 
                                                            End of RW output se
                                                            ction
   58 00000000                 IMPORT           |Image$$RW_IRAM1$$RW$$Length| ;
                                                             Size of RW output 
                                                            section
   59 00000000         
   60 00000000                 IMPORT           |Image$$RW_IRAM1$$ZI$$Base| ; S
                                                            tart of ZI output s
                                                            ection
   61 00000000                 IMPORT           |Image$$RW_IRAM1$$ZI$$Limit| ; 
                                                            End of ZI output se
                                                            ction
   62 00000000                 IMPORT           |Image$$RW_IRAM1$$ZI$$Length| ;
                                                             Size of ZI output 
                                                            section
   63 00000000         ;******************** END ******************************
                       ******************************************
   64 00000000         
   65 00000000 00001000 
                       Stack_Size
                               EQU              0x1000      ;
   66 00000000         
   67 00000000                 AREA             STACK, NOINIT, READWRITE, ALIGN
=3
   68 00000000         Stack_Mem
                               SPACE            Stack_Size
   69 00001000         __initial_sp
   70 00001000         
   71 00001000         
   72 00001000         ; <h> Heap Configuration
   73 00001000         ;   <o>  Heap Size (in Bytes) <0x0-0xFFFFFFFF:8>
   74 00001000         ; </h>
   75 00001000         
   76 00001000 00000500 
                       Heap_Size
                               EQU              0x500       ;
   77 00001000         



ARM Macro Assembler    Page 3 


   78 00001000                 AREA             HEAP, NOINIT, READWRITE, ALIGN=
3
   79 00000000         __heap_base
   80 00000000         Heap_Mem
                               SPACE            Heap_Size
   81 00000500         __heap_limit
   82 00000500         
   83 00000500                 PRESERVE8
   84 00000500                 THUMB
   85 00000500         
   86 00000500         
   87 00000500         ; Vector Table Mapped to Address 0 at Reset
   88 00000500                 AREA             RESET, DATA, READONLY
   89 00000000                 EXPORT           __Vectors
   90 00000000                 EXPORT           __Vectors_End
   91 00000000                 EXPORT           __Vectors_Size
   92 00000000         
   93 00000000 00000000 
                       __Vectors
                               DCD              __initial_sp ; Top of Stack
   94 00000004 00000000        DCD              Reset_Handler ; Reset Handler
   95 00000008 00000000        DCD              NMI_Handler ; NMI Handler
   96 0000000C 00000000        DCD              HardFault_Handler ; Hard Fault 
                                                            Handler
   97 00000010 00000000        DCD              MemManage_Handler 
                                                            ; MPU Fault Handler
                                                            
   98 00000014 00000000        DCD              BusFault_Handler 
                                                            ; Bus Fault Handler
                                                            
   99 00000018 00000000        DCD              UsageFault_Handler ; Usage Faul
                                                            t Handler
  100 0000001C 00000000        DCD              0           ; Reserved
  101 00000020 00000000        DCD              0           ; Reserved
  102 00000024 00000000        DCD              0           ; Reserved
  103 00000028 00000000        DCD              0           ; Reserved
  104 0000002C 00000000        DCD              SVC_Handler ; SVCall Handler
  105 00000030 00000000        DCD              DebugMon_Handler ; Debug Monito
                                                            r Handler
  106 00000034 00000000        DCD              0           ; Reserved
  107 00000038 00000000        DCD              PendSV_Handler ; PendSV Handler
                                                            
  108 0000003C 00000000        DCD              SysTick_Handler 
                                                            ; SysTick Handler
  109 00000040         
  110 00000040         ; External Interrupts
  111 00000040 00000000        DCD              WWDG_IRQHandler ; Window WatchD
                                                            og                 
                                                                               
                                                                
  112 00000044 00000000        DCD              PVD_IRQHandler ; PVD through EX
                                                            TI Line detection  
                                                                               
                                                               
  113 00000048 00000000        DCD              TAMP_STAMP_IRQHandler ; Tamper 
                                                            and TimeStamps thro
                                                            ugh the EXTI line  
                                                                      
  114 0000004C 00000000        DCD              RTC_WKUP_IRQHandler ; RTC Wakeu



ARM Macro Assembler    Page 4 


                                                            p through the EXTI 
                                                            line               
                                                                    
  115 00000050 00000000        DCD              FLASH_IRQHandler ; FLASH       
                                                                               
                                                                             
  116 00000054 00000000        DCD              RCC_IRQHandler ; RCC           
                                                                               
                                                                           
  117 00000058 00000000        DCD              EXTI0_IRQHandler ; EXTI Line0  
                                                                               
                                                                               
                                                                 
  118 0000005C 00000000        DCD              EXTI1_IRQHandler ; EXTI Line1  
                                                                               
                                                                               
                                                                 
  119 00000060 00000000        DCD              EXTI2_IRQHandler ; EXTI Line2  
                                                                               
                                                                               
                                                                 
  120 00000064 00000000        DCD              EXTI3_IRQHandler ; EXTI Line3  
                                                                               
                                                                               
                                                                 
  121 00000068 00000000        DCD              EXTI4_IRQHandler ; EXTI Line4  
                                                                               
                                                                               
                                                                 
  122 0000006C 00000000        DCD              DMA1_Stream0_IRQHandler ; DMA1 
                                                            Stream 0           
                                                                               
                                                                 
  123 00000070 00000000        DCD              DMA1_Stream1_IRQHandler ; DMA1 
                                                            Stream 1           
                                                                               
                                                                 
  124 00000074 00000000        DCD              DMA1_Stream2_IRQHandler ; DMA1 
                                                            Stream 2           
                                                                               
                                                                 
  125 00000078 00000000        DCD              DMA1_Stream3_IRQHandler ; DMA1 
                                                            Stream 3           
                                                                               
                                                                 
  126 0000007C 00000000        DCD              DMA1_Stream4_IRQHandler ; DMA1 
                                                            Stream 4           
                                                                               
                                                                 
  127 00000080 00000000        DCD              DMA1_Stream5_IRQHandler ; DMA1 
                                                            Stream 5           
                                                                               
                                                                 
  128 00000084 00000000        DCD              DMA1_Stream6_IRQHandler ; DMA1 
                                                            Stream 6           
                                                                               
                                                                 
  129 00000088 00000000        DCD              ADC_IRQHandler ; ADC1, ADC2 and
                                                             ADC3s             



ARM Macro Assembler    Page 5 


                                                                           
  130 0000008C 00000000        DCD              CAN1_TX_IRQHandler ; CAN1 TX   
                                                                               
                                                                               
                                                                   
  131 00000090 00000000        DCD              CAN1_RX0_IRQHandler ; CAN1 RX0 
                                                                               
                                                                               
                                                                    
  132 00000094 00000000        DCD              CAN1_RX1_IRQHandler ; CAN1 RX1 
                                                                               
                                                                               
                                                                    
  133 00000098 00000000        DCD              CAN1_SCE_IRQHandler ; CAN1 SCE 
                                                                               
                                                                               
                                                                    
  134 0000009C 00000000        DCD              EXTI9_5_IRQHandler ; External L
                                                            ine[9:5]s          
                                                                               
                                                                   
  135 000000A0 00000000        DCD              TIM1_BRK_TIM9_IRQHandler ; TIM1
                                                             Break and TIM9    
                                                                           
  136 000000A4 00000000        DCD              TIM1_UP_TIM10_IRQHandler ; TIM1
                                                             Update and TIM10  
                                                                           
  137 000000A8 00000000        DCD              TIM1_TRG_COM_TIM11_IRQHandler ;
                                                             TIM1 Trigger and C
                                                            ommutation and TIM1
                                                            1
  138 000000AC 00000000        DCD              TIM1_CC_IRQHandler ; TIM1 Captu
                                                            re Compare         
                                                                               
                                                                   
  139 000000B0 00000000        DCD              TIM2_IRQHandler ; TIM2         
                                                                               
                                                                            
  140 000000B4 00000000        DCD              TIM3_IRQHandler ; TIM3         
                                                                               
                                                                            
  141 000000B8 00000000        DCD              TIM4_IRQHandler ; TIM4         
                                                                               
                                                                            
  142 000000BC 00000000        DCD              I2C1_EV_IRQHandler ; I2C1 Event
                                                                               
                                                                               
                                                                   
  143 000000C0 00000000        DCD              I2C1_ER_IRQHandler ; I2C1 Error
                                                                               
                                                                               
                                                                   
  144 000000C4 00000000        DCD              I2C2_EV_IRQHandler ; I2C2 Event
                                                                               
                                                                               
                                                                   
  145 000000C8 00000000        DCD              I2C2_ER_IRQHandler ; I2C2 Error
                                                                               
                                                                               



ARM Macro Assembler    Page 6 


                                                                     
  146 000000CC 00000000        DCD              SPI1_IRQHandler ; SPI1         
                                                                               
                                                                            
  147 000000D0 00000000        DCD              SPI2_IRQHandler ; SPI2         
                                                                               
                                                                            
  148 000000D4 00000000        DCD              USART1_IRQHandler ; USART1     
                                                                               
                                                                              
  149 000000D8 00000000        DCD              USART2_IRQHandler ; USART2     
                                                                               
                                                                              
  150 000000DC 00000000        DCD              USART3_IRQHandler ; USART3     
                                                                               
                                                                              
  151 000000E0 00000000        DCD              EXTI15_10_IRQHandler ; External
                                                             Line[15:10]s      
                                                                               
                                                                     
  152 000000E4 00000000        DCD              RTC_Alarm_IRQHandler ; RTC Alar
                                                            m (A and B) through
                                                             EXTI Line         
                                                                     
  153 000000E8 00000000        DCD              OTG_FS_WKUP_IRQHandler ; USB OT
                                                            G FS Wakeup through
                                                             EXTI line         
                                                                           
  154 000000EC 00000000        DCD              TIM8_BRK_TIM12_IRQHandler ; TIM
                                                            8 Break and TIM12  
                                                                            
  155 000000F0 00000000        DCD              TIM8_UP_TIM13_IRQHandler ; TIM8
                                                             Update and TIM13  
                                                                           
  156 000000F4 00000000        DCD              TIM8_TRG_COM_TIM14_IRQHandler ;
                                                             TIM8 Trigger and C
                                                            ommutation and TIM1
                                                            4
  157 000000F8 00000000        DCD              TIM8_CC_IRQHandler ; TIM8 Captu
                                                            re Compare         
                                                                               
                                                                   
  158 000000FC 00000000        DCD              DMA1_Stream7_IRQHandler ; DMA1 
                                                            Stream7            
                                                                               
                                                                        
  159 00000100 00000000        DCD              FMC_IRQHandler ; FMC           
                                                                               
                                                                           
  160 00000104 00000000        DCD              SDIO_IRQHandler ; SDIO         
                                                                               
                                                                            
  161 00000108 00000000        DCD              TIM5_IRQHandler ; TIM5         
                                                                               
                                                                            
  162 0000010C 00000000        DCD              SPI3_IRQHandler ; SPI3         
                                                                               
                                                                            
  163 00000110 00000000        DCD              UART4_IRQHandler ; UART4       



ARM Macro Assembler    Page 7 


                                                                               
                                                                             
  164 00000114 00000000        DCD              UART5_IRQHandler ; UART5       
                                                                               
                                                                             
  165 00000118 00000000        DCD              TIM6_DAC_IRQHandler ; TIM6 and 
                                                            DAC1&2 underrun err
                                                            ors                
                                                               
  166 0000011C 00000000        DCD              TIM7_IRQHandler ; TIM7         
                                                                      
  167 00000120 00000000        DCD              DMA2_Stream0_IRQHandler ; DMA2 
                                                            Stream 0           
                                                                               
                                                                 
  168 00000124 00000000        DCD              DMA2_Stream1_IRQHandler ; DMA2 
                                                            Stream 1           
                                                                               
                                                                 
  169 00000128 00000000        DCD              DMA2_Stream2_IRQHandler ; DMA2 
                                                            Stream 2           
                                                                               
                                                                 
  170 0000012C 00000000        DCD              DMA2_Stream3_IRQHandler ; DMA2 
                                                            Stream 3           
                                                                               
                                                                 
  171 00000130 00000000        DCD              DMA2_Stream4_IRQHandler ; DMA2 
                                                            Stream 4           
                                                                               
                                                                 
  172 00000134 00000000        DCD              0           ; Reserved         
                                                                               
                                                                        
  173 00000138 00000000        DCD              0           ; Reserved         
                                                                         
  174 0000013C 00000000        DCD              CAN2_TX_IRQHandler ; CAN2 TX   
                                                                               
                                                                               
                                                                   
  175 00000140 00000000        DCD              CAN2_RX0_IRQHandler ; CAN2 RX0 
                                                                               
                                                                               
                                                                    
  176 00000144 00000000        DCD              CAN2_RX1_IRQHandler ; CAN2 RX1 
                                                                               
                                                                               
                                                                    
  177 00000148 00000000        DCD              CAN2_SCE_IRQHandler ; CAN2 SCE 
                                                                               
                                                                               
                                                                    
  178 0000014C 00000000        DCD              OTG_FS_IRQHandler ; USB OTG FS 
                                                                               
                                                                              
  179 00000150 00000000        DCD              DMA2_Stream5_IRQHandler ; DMA2 
                                                            Stream 5           
                                                                               
                                                                 



ARM Macro Assembler    Page 8 


  180 00000154 00000000        DCD              DMA2_Stream6_IRQHandler ; DMA2 
                                                            Stream 6           
                                                                               
                                                                 
  181 00000158 00000000        DCD              DMA2_Stream7_IRQHandler ; DMA2 
                                                            Stream 7           
                                                                               
                                                                 
  182 0000015C 00000000        DCD              USART6_IRQHandler ; USART6     
                                                                               
                                                                               
                                                            
  183 00000160 00000000        DCD              I2C3_EV_IRQHandler ; I2C3 event
                                                                               
                                                                               
                                                                   
  184 00000164 00000000        DCD              I2C3_ER_IRQHandler ; I2C3 error
                                                                               
                                                                               
                                                                   
  185 00000168 00000000        DCD              OTG_HS_EP1_OUT_IRQHandler ; USB
                                                             OTG HS End Point 1
                                                             Out               
                                                                   
  186 0000016C 00000000        DCD              OTG_HS_EP1_IN_IRQHandler ; USB 
                                                            OTG HS End Point 1 
                                                            In                 
                                                                  
  187 00000170 00000000        DCD              OTG_HS_WKUP_IRQHandler ; USB OT
                                                            G HS Wakeup through
                                                             EXTI              
                                                                       
  188 00000174 00000000        DCD              OTG_HS_IRQHandler ; USB OTG HS 
                                                                               
                                                                              
  189 00000178 00000000        DCD              DCMI_IRQHandler ; DCMI  
  190 0000017C 00000000        DCD              0           ; Reserved         
                                                                               
                                                                  
  191 00000180 00000000        DCD              0           ; Reserved
  192 00000184 00000000        DCD              FPU_IRQHandler ; FPU
  193 00000188 00000000        DCD              0           ; Reserved
  194 0000018C 00000000        DCD              0           ; Reserved
  195 00000190 00000000        DCD              SPI4_IRQHandler ; SPI4
  196 00000194 00000000        DCD              0           ; Reserved
  197 00000198 00000000        DCD              0           ; Reserved
  198 0000019C 00000000        DCD              SAI1_IRQHandler ; SAI1
  199 000001A0 00000000        DCD              0           ; Reserved
  200 000001A4 00000000        DCD              0           ; Reserved
  201 000001A8 00000000        DCD              0           ; Reserved
  202 000001AC 00000000        DCD              SAI2_IRQHandler ; SAI2
  203 000001B0 00000000        DCD              QUADSPI_IRQHandler ; QuadSPI
  204 000001B4 00000000        DCD              CEC_IRQHandler ; CEC
  205 000001B8 00000000        DCD              SPDIF_RX_IRQHandler ; SPDIF RX
  206 000001BC 00000000        DCD              I2C4_Event_IRQHandler 
                                                            ; I2C 4 Event
  207 000001C0 00000000        DCD              I2C4_Error_IRQHandler ; I2C 4 E
                                                            rror               
                                                                      



ARM Macro Assembler    Page 9 


  208 000001C4         __Vectors_End
  209 000001C4         
  210 000001C4 000001C4 
                       __Vectors_Size
                               EQU              __Vectors_End - __Vectors
  211 000001C4         
  212 000001C4                 AREA             |.text|, CODE, READONLY
  213 00000000         
  214 00000000         ; Reset handler
  215 00000000         Reset_Handler
                               PROC
  216 00000000                 EXPORT           Reset_Handler             [WEAK
]
  217 00000000         ;        IMPORT  SystemInit
  218 00000000                 IMPORT           __main
  219 00000000         
  220 00000000         ;******************** Removed by Dr. Zhu ***************
                       ************************************   
  221 00000000         ;                 LDR     R0, =SystemInit
  222 00000000         ;                 BLX     R0
  223 00000000         
  224 00000000         ;******************** Added by Dr. Zhu *****************
                       ************************************
  225 00000000         ; Copy the RW Data from Flash to RAM 
  226 00000000 4816            LDR              r0, =|Image$$ER_IROM1$$RO$$Limi
t|
  227 00000002 4917            LDR              r1, =|Image$$RW_IRAM1$$RW$$Base
|
  228 00000004 4B17            LDR              r3, =|Image$$RW_IRAM1$$ZI$$Base
|
  229 00000006 4299    Copy_RW CMP              r1, r3
  230 00000008 BF3C F850 
              2B04             LDRCC            r2, [r0], #4
  231 0000000E F841 2B04       STRCC            r2, [r1], #4
  232 00000012 D3F8            BCC              Copy_RW
  233 00000014         
  234 00000014         ; Copy the ZI Data from Flash to RAM
  235 00000014 4914            LDR              r1, =|Image$$RW_IRAM1$$ZI$$Limi
t|
  236 00000016 F04F 0200       MOV              r2, #0
  237 0000001A 428B    Initialize_ZI
                               CMP              r3, r1
  238 0000001C BF38 F843 
              2B04             STRCC            r2, [r3], #4
  239 00000022 D3FA            BCC              Initialize_ZI
  240 00000024         
  241 00000024         ;;;;;;;;;;;;;;;;;;;;;;;;;;;;;;;;;;;;;;;;;;;;;;;;;;;;;;;;
                       ;;;;;;;;;;;;;;;;;;;;;;
  242 00000024         ; Enable FPU
  243 00000024         ;;;;;;;;;;;;;;;;;;;;;;;;;;;;;;;;;;;;;;;;;;;;;;;;;;;;;;;;
                       ;;;;;;;;;;;;;;;;;;;;;;
  244 00000024         ; CPACR is located at address 0xE000ED88
  245 00000024 F8DF 0044       LDR.W            R0, =0xE000ED88
  246 00000028         ; Read CPACR
  247 00000028 6801            LDR              R1, [R0]
  248 0000002A         ; Set bits 20-23 to enable CP10 and CP11 coprocessors
  249 0000002A F441 0170       ORR              R1, R1, #(0xF << 20)
  250 0000002E         ; Write back the modified value to the CPACR
  251 0000002E 6001            STR              R1, [R0]    ; wait for store to



ARM Macro Assembler    Page 10 


                                                             complete
  252 00000030 F3BF 8F4F       DSB
  253 00000034         ;reset pipeline now the FPU is enabled
  254 00000034 F3BF 8F6F       ISB
  255 00000038         
  256 00000038         ;******************** END ******************************
                       **************************************
  257 00000038         
  258 00000038 480D            LDR              R0, =__main
  259 0000003A 4700            BX               R0
  260 0000003C                 ENDP
  261 0000003C         
  262 0000003C         ; Dummy Exception Handlers (infinite loops which can be 
                       modified)
  263 0000003C         
  264 0000003C         NMI_Handler
                               PROC
  265 0000003C                 EXPORT           NMI_Handler                [WEA
K]
  266 0000003C E7FE            B                .
  267 0000003E                 ENDP
  269 0000003E         HardFault_Handler
                               PROC
  270 0000003E                 EXPORT           HardFault_Handler          [WEA
K]
  271 0000003E E7FE            B                .
  272 00000040                 ENDP
  274 00000040         MemManage_Handler
                               PROC
  275 00000040                 EXPORT           MemManage_Handler          [WEA
K]
  276 00000040 E7FE            B                .
  277 00000042                 ENDP
  279 00000042         BusFault_Handler
                               PROC
  280 00000042                 EXPORT           BusFault_Handler           [WEA
K]
  281 00000042 E7FE            B                .
  282 00000044                 ENDP
  284 00000044         UsageFault_Handler
                               PROC
  285 00000044                 EXPORT           UsageFault_Handler         [WEA
K]
  286 00000044 E7FE            B                .
  287 00000046                 ENDP
  288 00000046         SVC_Handler
                               PROC
  289 00000046                 EXPORT           SVC_Handler                [WEA
K]
  290 00000046 E7FE            B                .
  291 00000048                 ENDP
  293 00000048         DebugMon_Handler
                               PROC
  294 00000048                 EXPORT           DebugMon_Handler           [WEA
K]
  295 00000048 E7FE            B                .
  296 0000004A                 ENDP
  297 0000004A         PendSV_Handler
                               PROC



ARM Macro Assembler    Page 11 


  298 0000004A                 EXPORT           PendSV_Handler             [WEA
K]
  299 0000004A E7FE            B                .
  300 0000004C                 ENDP
  301 0000004C         SysTick_Handler
                               PROC
  302 0000004C                 EXPORT           SysTick_Handler            [WEA
K]
  303 0000004C E7FE            B                .
  304 0000004E                 ENDP
  305 0000004E         
  306 0000004E         Default_Handler
                               PROC
  307 0000004E         
  308 0000004E                 EXPORT           WWDG_IRQHandler                
   [WEAK]
  309 0000004E                 EXPORT           PVD_IRQHandler                 
   [WEAK]
  310 0000004E                 EXPORT           TAMP_STAMP_IRQHandler          
   [WEAK]
  311 0000004E                 EXPORT           RTC_WKUP_IRQHandler            
   [WEAK]
  312 0000004E                 EXPORT           FLASH_IRQHandler               
   [WEAK]
  313 0000004E                 EXPORT           RCC_IRQHandler                 
   [WEAK]
  314 0000004E                 EXPORT           EXTI0_IRQHandler               
   [WEAK]
  315 0000004E                 EXPORT           EXTI1_IRQHandler               
   [WEAK]
  316 0000004E                 EXPORT           EXTI2_IRQHandler               
   [WEAK]
  317 0000004E                 EXPORT           EXTI3_IRQHandler               
   [WEAK]
  318 0000004E                 EXPORT           EXTI4_IRQHandler               
   [WEAK]
  319 0000004E                 EXPORT           DMA1_Stream0_IRQHandler        
   [WEAK]
  320 0000004E                 EXPORT           DMA1_Stream1_IRQHandler        
   [WEAK]
  321 0000004E                 EXPORT           DMA1_Stream2_IRQHandler        
   [WEAK]
  322 0000004E                 EXPORT           DMA1_Stream3_IRQHandler        
   [WEAK]
  323 0000004E                 EXPORT           DMA1_Stream4_IRQHandler        
   [WEAK]
  324 0000004E                 EXPORT           DMA1_Stream5_IRQHandler        
   [WEAK]
  325 0000004E                 EXPORT           DMA1_Stream6_IRQHandler        
   [WEAK]
  326 0000004E                 EXPORT           ADC_IRQHandler                 
   [WEAK]
  327 0000004E                 EXPORT           CAN1_TX_IRQHandler             
   [WEAK]
  328 0000004E                 EXPORT           CAN1_RX0_IRQHandler            
   [WEAK]
  329 0000004E                 EXPORT           CAN1_RX1_IRQHandler            
   [WEAK]
  330 0000004E                 EXPORT           CAN1_SCE_IRQHandler            



ARM Macro Assembler    Page 12 


   [WEAK]
  331 0000004E                 EXPORT           EXTI9_5_IRQHandler             
   [WEAK]
  332 0000004E                 EXPORT           TIM1_BRK_TIM9_IRQHandler       
   [WEAK]
  333 0000004E                 EXPORT           TIM1_UP_TIM10_IRQHandler       
   [WEAK]
  334 0000004E                 EXPORT           TIM1_TRG_COM_TIM11_IRQHandler  
   [WEAK]
  335 0000004E                 EXPORT           TIM1_CC_IRQHandler             
   [WEAK]
  336 0000004E                 EXPORT           TIM2_IRQHandler                
   [WEAK]
  337 0000004E                 EXPORT           TIM3_IRQHandler                
   [WEAK]
  338 0000004E                 EXPORT           TIM4_IRQHandler                
   [WEAK]
  339 0000004E                 EXPORT           I2C1_EV_IRQHandler             
   [WEAK]
  340 0000004E                 EXPORT           I2C1_ER_IRQHandler             
   [WEAK]
  341 0000004E                 EXPORT           I2C2_EV_IRQHandler             
   [WEAK]
  342 0000004E                 EXPORT           I2C2_ER_IRQHandler             
   [WEAK]
  343 0000004E                 EXPORT           SPI1_IRQHandler                
   [WEAK]
  344 0000004E                 EXPORT           SPI2_IRQHandler                
   [WEAK]
  345 0000004E                 EXPORT           USART1_IRQHandler              
   [WEAK]
  346 0000004E                 EXPORT           USART2_IRQHandler              
   [WEAK]
  347 0000004E                 EXPORT           USART3_IRQHandler              
   [WEAK]
  348 0000004E                 EXPORT           EXTI15_10_IRQHandler           
   [WEAK]
  349 0000004E                 EXPORT           RTC_Alarm_IRQHandler           
   [WEAK]
  350 0000004E                 EXPORT           OTG_FS_WKUP_IRQHandler         
   [WEAK]
  351 0000004E                 EXPORT           TIM8_BRK_TIM12_IRQHandler      
   [WEAK]
  352 0000004E                 EXPORT           TIM8_UP_TIM13_IRQHandler       
   [WEAK]
  353 0000004E                 EXPORT           TIM8_TRG_COM_TIM14_IRQHandler  
   [WEAK]
  354 0000004E                 EXPORT           TIM8_CC_IRQHandler             
   [WEAK]
  355 0000004E                 EXPORT           DMA1_Stream7_IRQHandler        
   [WEAK]
  356 0000004E                 EXPORT           FMC_IRQHandler                 
   [WEAK]
  357 0000004E                 EXPORT           SDIO_IRQHandler                
   [WEAK]
  358 0000004E                 EXPORT           TIM5_IRQHandler                
   [WEAK]
  359 0000004E                 EXPORT           SPI3_IRQHandler                
   [WEAK]



ARM Macro Assembler    Page 13 


  360 0000004E                 EXPORT           UART4_IRQHandler               
   [WEAK]
  361 0000004E                 EXPORT           UART5_IRQHandler               
   [WEAK]
  362 0000004E                 EXPORT           TIM6_DAC_IRQHandler            
   [WEAK]
  363 0000004E                 EXPORT           TIM7_IRQHandler                
   [WEAK]
  364 0000004E                 EXPORT           DMA2_Stream0_IRQHandler        
   [WEAK]
  365 0000004E                 EXPORT           DMA2_Stream1_IRQHandler        
   [WEAK]
  366 0000004E                 EXPORT           DMA2_Stream2_IRQHandler        
   [WEAK]
  367 0000004E                 EXPORT           DMA2_Stream3_IRQHandler        
   [WEAK]
  368 0000004E                 EXPORT           DMA2_Stream4_IRQHandler        
   [WEAK]
  369 0000004E                 EXPORT           CAN2_TX_IRQHandler             
   [WEAK]
  370 0000004E                 EXPORT           CAN2_RX0_IRQHandler            
   [WEAK]
  371 0000004E                 EXPORT           CAN2_RX1_IRQHandler            
   [WEAK]
  372 0000004E                 EXPORT           CAN2_SCE_IRQHandler            
   [WEAK]
  373 0000004E                 EXPORT           OTG_FS_IRQHandler              
   [WEAK]
  374 0000004E                 EXPORT           DMA2_Stream5_IRQHandler        
   [WEAK]
  375 0000004E                 EXPORT           DMA2_Stream6_IRQHandler        
   [WEAK]
  376 0000004E                 EXPORT           DMA2_Stream7_IRQHandler        
   [WEAK]
  377 0000004E                 EXPORT           USART6_IRQHandler              
   [WEAK]
  378 0000004E                 EXPORT           I2C3_EV_IRQHandler             
   [WEAK]
  379 0000004E                 EXPORT           I2C3_ER_IRQHandler             
   [WEAK]
  380 0000004E                 EXPORT           OTG_HS_EP1_OUT_IRQHandler      
   [WEAK]
  381 0000004E                 EXPORT           OTG_HS_EP1_IN_IRQHandler       
   [WEAK]
  382 0000004E                 EXPORT           OTG_HS_WKUP_IRQHandler         
   [WEAK]
  383 0000004E                 EXPORT           OTG_HS_IRQHandler              
   [WEAK]
  384 0000004E                 EXPORT           DCMI_IRQHandler                
   [WEAK]
  385 0000004E                 EXPORT           FPU_IRQHandler                 
   [WEAK]
  386 0000004E                 EXPORT           SPI4_IRQHandler                
   [WEAK]
  387 0000004E                 EXPORT           SAI1_IRQHandler                
   [WEAK]
  388 0000004E                 EXPORT           SPI4_IRQHandler                
   [WEAK]
  389 0000004E                 EXPORT           SAI1_IRQHandler                



ARM Macro Assembler    Page 14 


   [WEAK]
  390 0000004E                 EXPORT           SAI2_IRQHandler                
   [WEAK]
  391 0000004E                 EXPORT           QUADSPI_IRQHandler             
   [WEAK]
  392 0000004E                 EXPORT           CEC_IRQHandler                 
   [WEAK]
  393 0000004E                 EXPORT           SPDIF_RX_IRQHandler            
   [WEAK]
  394 0000004E                 EXPORT           I2C4_Event_IRQHandler          
   [WEAK]
  395 0000004E                 EXPORT           I2C4_Error_IRQHandler          
   [WEAK]
  396 0000004E         
  397 0000004E         WWDG_IRQHandler
  398 0000004E         PVD_IRQHandler
  399 0000004E         TAMP_STAMP_IRQHandler
  400 0000004E         RTC_WKUP_IRQHandler
  401 0000004E         FLASH_IRQHandler
  402 0000004E         RCC_IRQHandler
  403 0000004E         EXTI0_IRQHandler
  404 0000004E         EXTI1_IRQHandler
  405 0000004E         EXTI2_IRQHandler
  406 0000004E         EXTI3_IRQHandler
  407 0000004E         EXTI4_IRQHandler
  408 0000004E         DMA1_Stream0_IRQHandler
  409 0000004E         DMA1_Stream1_IRQHandler
  410 0000004E         DMA1_Stream2_IRQHandler
  411 0000004E         DMA1_Stream3_IRQHandler
  412 0000004E         DMA1_Stream4_IRQHandler
  413 0000004E         DMA1_Stream5_IRQHandler
  414 0000004E         DMA1_Stream6_IRQHandler
  415 0000004E         ADC_IRQHandler
  416 0000004E         CAN1_TX_IRQHandler
  417 0000004E         CAN1_RX0_IRQHandler
  418 0000004E         CAN1_RX1_IRQHandler
  419 0000004E         CAN1_SCE_IRQHandler
  420 0000004E         EXTI9_5_IRQHandler
  421 0000004E         TIM1_BRK_TIM9_IRQHandler
  422 0000004E         TIM1_UP_TIM10_IRQHandler
  423 0000004E         TIM1_TRG_COM_TIM11_IRQHandler
  424 0000004E         TIM1_CC_IRQHandler
  425 0000004E         TIM2_IRQHandler
  426 0000004E         TIM3_IRQHandler
  427 0000004E         TIM4_IRQHandler
  428 0000004E         I2C1_EV_IRQHandler
  429 0000004E         I2C1_ER_IRQHandler
  430 0000004E         I2C2_EV_IRQHandler
  431 0000004E         I2C2_ER_IRQHandler
  432 0000004E         SPI1_IRQHandler
  433 0000004E         SPI2_IRQHandler
  434 0000004E         USART1_IRQHandler
  435 0000004E         USART2_IRQHandler
  436 0000004E         USART3_IRQHandler
  437 0000004E         EXTI15_10_IRQHandler
  438 0000004E         RTC_Alarm_IRQHandler
  439 0000004E         OTG_FS_WKUP_IRQHandler
  440 0000004E         TIM8_BRK_TIM12_IRQHandler
  441 0000004E         TIM8_UP_TIM13_IRQHandler



ARM Macro Assembler    Page 15 


  442 0000004E         TIM8_TRG_COM_TIM14_IRQHandler
  443 0000004E         TIM8_CC_IRQHandler
  444 0000004E         DMA1_Stream7_IRQHandler
  445 0000004E         FMC_IRQHandler
  446 0000004E         SDIO_IRQHandler
  447 0000004E         TIM5_IRQHandler
  448 0000004E         SPI3_IRQHandler
  449 0000004E         UART4_IRQHandler
  450 0000004E         UART5_IRQHandler
  451 0000004E         TIM6_DAC_IRQHandler
  452 0000004E         TIM7_IRQHandler
  453 0000004E         DMA2_Stream0_IRQHandler
  454 0000004E         DMA2_Stream1_IRQHandler
  455 0000004E         DMA2_Stream2_IRQHandler
  456 0000004E         DMA2_Stream3_IRQHandler
  457 0000004E         DMA2_Stream4_IRQHandler
  458 0000004E         CAN2_TX_IRQHandler
  459 0000004E         CAN2_RX0_IRQHandler
  460 0000004E         CAN2_RX1_IRQHandler
  461 0000004E         CAN2_SCE_IRQHandler
  462 0000004E         OTG_FS_IRQHandler
  463 0000004E         DMA2_Stream5_IRQHandler
  464 0000004E         DMA2_Stream6_IRQHandler
  465 0000004E         DMA2_Stream7_IRQHandler
  466 0000004E         USART6_IRQHandler
  467 0000004E         I2C3_EV_IRQHandler
  468 0000004E         I2C3_ER_IRQHandler
  469 0000004E         OTG_HS_EP1_OUT_IRQHandler
  470 0000004E         OTG_HS_EP1_IN_IRQHandler
  471 0000004E         OTG_HS_WKUP_IRQHandler
  472 0000004E         OTG_HS_IRQHandler
  473 0000004E         DCMI_IRQHandler
  474 0000004E         FPU_IRQHandler
  475 0000004E         SPI4_IRQHandler
  476 0000004E         SAI1_IRQHandler
  477 0000004E         SAI2_IRQHandler
  478 0000004E         QUADSPI_IRQHandler
  479 0000004E         CEC_IRQHandler
  480 0000004E         SPDIF_RX_IRQHandler
  481 0000004E         I2C4_Event_IRQHandler
  482 0000004E         I2C4_Error_IRQHandler
  483 0000004E E7FE            B                .
  484 00000050         
  485 00000050                 ENDP
  486 00000050         
  487 00000050                 ALIGN
  488 00000050         
  489 00000050         ;*******************************************************
                       ************************
  490 00000050         ; User Stack and Heap initialization
  491 00000050         ;*******************************************************
                       ************************
  492 00000050                 IF               :DEF:__MICROLIB
  499 00000050         
  500 00000050                 IMPORT           __use_two_region_memory
  501 00000050                 EXPORT           __user_initial_stackheap
  502 00000050         
  503 00000050         __user_initial_stackheap
  504 00000050         



ARM Macro Assembler    Page 16 


  505 00000050 4808            LDR              R0, =  Heap_Mem
  506 00000052 4909            LDR              R1, =(Stack_Mem + Stack_Size)
  507 00000054 4A09            LDR              R2, = (Heap_Mem +  Heap_Size)
  508 00000056 4B0A            LDR              R3, = Stack_Mem
  509 00000058 4770            BX               LR
  510 0000005A         
  511 0000005A 00 00           ALIGN
  512 0000005C         
  513 0000005C                 ENDIF
  514 0000005C         
  515 0000005C                 END
              00000000 
              00000000 
              00000000 
              00000000 
              E000ED88 
              00000000 
              00000000 
              00001000 
              00000500 
              00000000 
Command Line: --debug --xref --diag_suppress=9931 --cpu=Cortex-M4.fp.sp --apcs=
interwork --depend=.\objects\startup_stm32f446xx.d -o.\objects\startup_stm32f44
6xx.o -I.\RTE\_Target_1 -IC:\Users\Owner\AppData\Local\Arm\Packs\ARM\CMSIS\5.9.
0\CMSIS\Core\Include -IC:\Users\Owner\AppData\Local\Arm\Packs\Keil\STM32F4xx_DF
P\2.16.0\Drivers\CMSIS\Device\ST\STM32F4xx\Include --predefine="__EVAL SETA 1" 
--predefine="__UVISION_VERSION SETA 531" --predefine="_RTE_ SETA 1" --predefine
="STM32F446xx SETA 1" --predefine="_RTE_ SETA 1" --list=.\listings\startup_stm3
2f446xx.lst src\startup_stm32f446xx.s



ARM Macro Assembler    Page 1 Alphabetic symbol ordering
Relocatable symbols

STACK 00000000

Symbol: STACK
   Definitions
      At line 67 in file src\startup_stm32f446xx.s
   Uses
      None
Comment: STACK unused
Stack_Mem 00000000

Symbol: Stack_Mem
   Definitions
      At line 68 in file src\startup_stm32f446xx.s
   Uses
      At line 506 in file src\startup_stm32f446xx.s
      At line 508 in file src\startup_stm32f446xx.s

__initial_sp 00001000

Symbol: __initial_sp
   Definitions
      At line 69 in file src\startup_stm32f446xx.s
   Uses
      At line 93 in file src\startup_stm32f446xx.s
Comment: __initial_sp used once
3 symbols



ARM Macro Assembler    Page 1 Alphabetic symbol ordering
Relocatable symbols

HEAP 00000000

Symbol: HEAP
   Definitions
      At line 78 in file src\startup_stm32f446xx.s
   Uses
      None
Comment: HEAP unused
Heap_Mem 00000000

Symbol: Heap_Mem
   Definitions
      At line 80 in file src\startup_stm32f446xx.s
   Uses
      At line 505 in file src\startup_stm32f446xx.s
      At line 507 in file src\startup_stm32f446xx.s

__heap_base 00000000

Symbol: __heap_base
   Definitions
      At line 79 in file src\startup_stm32f446xx.s
   Uses
      None
Comment: __heap_base unused
__heap_limit 00000500

Symbol: __heap_limit
   Definitions
      At line 81 in file src\startup_stm32f446xx.s
   Uses
      None
Comment: __heap_limit unused
4 symbols



ARM Macro Assembler    Page 1 Alphabetic symbol ordering
Relocatable symbols

RESET 00000000

Symbol: RESET
   Definitions
      At line 88 in file src\startup_stm32f446xx.s
   Uses
      None
Comment: RESET unused
__Vectors 00000000

Symbol: __Vectors
   Definitions
      At line 93 in file src\startup_stm32f446xx.s
   Uses
      At line 89 in file src\startup_stm32f446xx.s
      At line 210 in file src\startup_stm32f446xx.s

__Vectors_End 000001C4

Symbol: __Vectors_End
   Definitions
      At line 208 in file src\startup_stm32f446xx.s
   Uses
      At line 90 in file src\startup_stm32f446xx.s
      At line 210 in file src\startup_stm32f446xx.s

3 symbols



ARM Macro Assembler    Page 1 Alphabetic symbol ordering
Relocatable symbols

.text 00000000

Symbol: .text
   Definitions
      At line 212 in file src\startup_stm32f446xx.s
   Uses
      None
Comment: .text unused
ADC_IRQHandler 0000004E

Symbol: ADC_IRQHandler
   Definitions
      At line 415 in file src\startup_stm32f446xx.s
   Uses
      At line 129 in file src\startup_stm32f446xx.s
      At line 326 in file src\startup_stm32f446xx.s

BusFault_Handler 00000042

Symbol: BusFault_Handler
   Definitions
      At line 279 in file src\startup_stm32f446xx.s
   Uses
      At line 98 in file src\startup_stm32f446xx.s
      At line 280 in file src\startup_stm32f446xx.s

CAN1_RX0_IRQHandler 0000004E

Symbol: CAN1_RX0_IRQHandler
   Definitions
      At line 417 in file src\startup_stm32f446xx.s
   Uses
      At line 131 in file src\startup_stm32f446xx.s
      At line 328 in file src\startup_stm32f446xx.s

CAN1_RX1_IRQHandler 0000004E

Symbol: CAN1_RX1_IRQHandler
   Definitions
      At line 418 in file src\startup_stm32f446xx.s
   Uses
      At line 132 in file src\startup_stm32f446xx.s
      At line 329 in file src\startup_stm32f446xx.s

CAN1_SCE_IRQHandler 0000004E

Symbol: CAN1_SCE_IRQHandler
   Definitions
      At line 419 in file src\startup_stm32f446xx.s
   Uses
      At line 133 in file src\startup_stm32f446xx.s
      At line 330 in file src\startup_stm32f446xx.s

CAN1_TX_IRQHandler 0000004E

Symbol: CAN1_TX_IRQHandler
   Definitions
      At line 416 in file src\startup_stm32f446xx.s
   Uses



ARM Macro Assembler    Page 2 Alphabetic symbol ordering
Relocatable symbols

      At line 130 in file src\startup_stm32f446xx.s
      At line 327 in file src\startup_stm32f446xx.s

CAN2_RX0_IRQHandler 0000004E

Symbol: CAN2_RX0_IRQHandler
   Definitions
      At line 459 in file src\startup_stm32f446xx.s
   Uses
      At line 175 in file src\startup_stm32f446xx.s
      At line 370 in file src\startup_stm32f446xx.s

CAN2_RX1_IRQHandler 0000004E

Symbol: CAN2_RX1_IRQHandler
   Definitions
      At line 460 in file src\startup_stm32f446xx.s
   Uses
      At line 176 in file src\startup_stm32f446xx.s
      At line 371 in file src\startup_stm32f446xx.s

CAN2_SCE_IRQHandler 0000004E

Symbol: CAN2_SCE_IRQHandler
   Definitions
      At line 461 in file src\startup_stm32f446xx.s
   Uses
      At line 177 in file src\startup_stm32f446xx.s
      At line 372 in file src\startup_stm32f446xx.s

CAN2_TX_IRQHandler 0000004E

Symbol: CAN2_TX_IRQHandler
   Definitions
      At line 458 in file src\startup_stm32f446xx.s
   Uses
      At line 174 in file src\startup_stm32f446xx.s
      At line 369 in file src\startup_stm32f446xx.s

CEC_IRQHandler 0000004E

Symbol: CEC_IRQHandler
   Definitions
      At line 479 in file src\startup_stm32f446xx.s
   Uses
      At line 204 in file src\startup_stm32f446xx.s
      At line 392 in file src\startup_stm32f446xx.s

Copy_RW 00000006

Symbol: Copy_RW
   Definitions
      At line 229 in file src\startup_stm32f446xx.s
   Uses
      At line 232 in file src\startup_stm32f446xx.s
Comment: Copy_RW used once
DCMI_IRQHandler 0000004E

Symbol: DCMI_IRQHandler



ARM Macro Assembler    Page 3 Alphabetic symbol ordering
Relocatable symbols

   Definitions
      At line 473 in file src\startup_stm32f446xx.s
   Uses
      At line 189 in file src\startup_stm32f446xx.s
      At line 384 in file src\startup_stm32f446xx.s

DMA1_Stream0_IRQHandler 0000004E

Symbol: DMA1_Stream0_IRQHandler
   Definitions
      At line 408 in file src\startup_stm32f446xx.s
   Uses
      At line 122 in file src\startup_stm32f446xx.s
      At line 319 in file src\startup_stm32f446xx.s

DMA1_Stream1_IRQHandler 0000004E

Symbol: DMA1_Stream1_IRQHandler
   Definitions
      At line 409 in file src\startup_stm32f446xx.s
   Uses
      At line 123 in file src\startup_stm32f446xx.s
      At line 320 in file src\startup_stm32f446xx.s

DMA1_Stream2_IRQHandler 0000004E

Symbol: DMA1_Stream2_IRQHandler
   Definitions
      At line 410 in file src\startup_stm32f446xx.s
   Uses
      At line 124 in file src\startup_stm32f446xx.s
      At line 321 in file src\startup_stm32f446xx.s

DMA1_Stream3_IRQHandler 0000004E

Symbol: DMA1_Stream3_IRQHandler
   Definitions
      At line 411 in file src\startup_stm32f446xx.s
   Uses
      At line 125 in file src\startup_stm32f446xx.s
      At line 322 in file src\startup_stm32f446xx.s

DMA1_Stream4_IRQHandler 0000004E

Symbol: DMA1_Stream4_IRQHandler
   Definitions
      At line 412 in file src\startup_stm32f446xx.s
   Uses
      At line 126 in file src\startup_stm32f446xx.s
      At line 323 in file src\startup_stm32f446xx.s

DMA1_Stream5_IRQHandler 0000004E

Symbol: DMA1_Stream5_IRQHandler
   Definitions
      At line 413 in file src\startup_stm32f446xx.s
   Uses
      At line 127 in file src\startup_stm32f446xx.s
      At line 324 in file src\startup_stm32f446xx.s



ARM Macro Assembler    Page 4 Alphabetic symbol ordering
Relocatable symbols


DMA1_Stream6_IRQHandler 0000004E

Symbol: DMA1_Stream6_IRQHandler
   Definitions
      At line 414 in file src\startup_stm32f446xx.s
   Uses
      At line 128 in file src\startup_stm32f446xx.s
      At line 325 in file src\startup_stm32f446xx.s

DMA1_Stream7_IRQHandler 0000004E

Symbol: DMA1_Stream7_IRQHandler
   Definitions
      At line 444 in file src\startup_stm32f446xx.s
   Uses
      At line 158 in file src\startup_stm32f446xx.s
      At line 355 in file src\startup_stm32f446xx.s

DMA2_Stream0_IRQHandler 0000004E

Symbol: DMA2_Stream0_IRQHandler
   Definitions
      At line 453 in file src\startup_stm32f446xx.s
   Uses
      At line 167 in file src\startup_stm32f446xx.s
      At line 364 in file src\startup_stm32f446xx.s

DMA2_Stream1_IRQHandler 0000004E

Symbol: DMA2_Stream1_IRQHandler
   Definitions
      At line 454 in file src\startup_stm32f446xx.s
   Uses
      At line 168 in file src\startup_stm32f446xx.s
      At line 365 in file src\startup_stm32f446xx.s

DMA2_Stream2_IRQHandler 0000004E

Symbol: DMA2_Stream2_IRQHandler
   Definitions
      At line 455 in file src\startup_stm32f446xx.s
   Uses
      At line 169 in file src\startup_stm32f446xx.s
      At line 366 in file src\startup_stm32f446xx.s

DMA2_Stream3_IRQHandler 0000004E

Symbol: DMA2_Stream3_IRQHandler
   Definitions
      At line 456 in file src\startup_stm32f446xx.s
   Uses
      At line 170 in file src\startup_stm32f446xx.s
      At line 367 in file src\startup_stm32f446xx.s

DMA2_Stream4_IRQHandler 0000004E

Symbol: DMA2_Stream4_IRQHandler
   Definitions



ARM Macro Assembler    Page 5 Alphabetic symbol ordering
Relocatable symbols

      At line 457 in file src\startup_stm32f446xx.s
   Uses
      At line 171 in file src\startup_stm32f446xx.s
      At line 368 in file src\startup_stm32f446xx.s

DMA2_Stream5_IRQHandler 0000004E

Symbol: DMA2_Stream5_IRQHandler
   Definitions
      At line 463 in file src\startup_stm32f446xx.s
   Uses
      At line 179 in file src\startup_stm32f446xx.s
      At line 374 in file src\startup_stm32f446xx.s

DMA2_Stream6_IRQHandler 0000004E

Symbol: DMA2_Stream6_IRQHandler
   Definitions
      At line 464 in file src\startup_stm32f446xx.s
   Uses
      At line 180 in file src\startup_stm32f446xx.s
      At line 375 in file src\startup_stm32f446xx.s

DMA2_Stream7_IRQHandler 0000004E

Symbol: DMA2_Stream7_IRQHandler
   Definitions
      At line 465 in file src\startup_stm32f446xx.s
   Uses
      At line 181 in file src\startup_stm32f446xx.s
      At line 376 in file src\startup_stm32f446xx.s

DebugMon_Handler 00000048

Symbol: DebugMon_Handler
   Definitions
      At line 293 in file src\startup_stm32f446xx.s
   Uses
      At line 105 in file src\startup_stm32f446xx.s
      At line 294 in file src\startup_stm32f446xx.s

Default_Handler 0000004E

Symbol: Default_Handler
   Definitions
      At line 306 in file src\startup_stm32f446xx.s
   Uses
      None
Comment: Default_Handler unused
EXTI0_IRQHandler 0000004E

Symbol: EXTI0_IRQHandler
   Definitions
      At line 403 in file src\startup_stm32f446xx.s
   Uses
      At line 117 in file src\startup_stm32f446xx.s
      At line 314 in file src\startup_stm32f446xx.s

EXTI15_10_IRQHandler 0000004E



ARM Macro Assembler    Page 6 Alphabetic symbol ordering
Relocatable symbols


Symbol: EXTI15_10_IRQHandler
   Definitions
      At line 437 in file src\startup_stm32f446xx.s
   Uses
      At line 151 in file src\startup_stm32f446xx.s
      At line 348 in file src\startup_stm32f446xx.s

EXTI1_IRQHandler 0000004E

Symbol: EXTI1_IRQHandler
   Definitions
      At line 404 in file src\startup_stm32f446xx.s
   Uses
      At line 118 in file src\startup_stm32f446xx.s
      At line 315 in file src\startup_stm32f446xx.s

EXTI2_IRQHandler 0000004E

Symbol: EXTI2_IRQHandler
   Definitions
      At line 405 in file src\startup_stm32f446xx.s
   Uses
      At line 119 in file src\startup_stm32f446xx.s
      At line 316 in file src\startup_stm32f446xx.s

EXTI3_IRQHandler 0000004E

Symbol: EXTI3_IRQHandler
   Definitions
      At line 406 in file src\startup_stm32f446xx.s
   Uses
      At line 120 in file src\startup_stm32f446xx.s
      At line 317 in file src\startup_stm32f446xx.s

EXTI4_IRQHandler 0000004E

Symbol: EXTI4_IRQHandler
   Definitions
      At line 407 in file src\startup_stm32f446xx.s
   Uses
      At line 121 in file src\startup_stm32f446xx.s
      At line 318 in file src\startup_stm32f446xx.s

EXTI9_5_IRQHandler 0000004E

Symbol: EXTI9_5_IRQHandler
   Definitions
      At line 420 in file src\startup_stm32f446xx.s
   Uses
      At line 134 in file src\startup_stm32f446xx.s
      At line 331 in file src\startup_stm32f446xx.s

FLASH_IRQHandler 0000004E

Symbol: FLASH_IRQHandler
   Definitions
      At line 401 in file src\startup_stm32f446xx.s
   Uses



ARM Macro Assembler    Page 7 Alphabetic symbol ordering
Relocatable symbols

      At line 115 in file src\startup_stm32f446xx.s
      At line 312 in file src\startup_stm32f446xx.s

FMC_IRQHandler 0000004E

Symbol: FMC_IRQHandler
   Definitions
      At line 445 in file src\startup_stm32f446xx.s
   Uses
      At line 159 in file src\startup_stm32f446xx.s
      At line 356 in file src\startup_stm32f446xx.s

FPU_IRQHandler 0000004E

Symbol: FPU_IRQHandler
   Definitions
      At line 474 in file src\startup_stm32f446xx.s
   Uses
      At line 192 in file src\startup_stm32f446xx.s
      At line 385 in file src\startup_stm32f446xx.s

HardFault_Handler 0000003E

Symbol: HardFault_Handler
   Definitions
      At line 269 in file src\startup_stm32f446xx.s
   Uses
      At line 96 in file src\startup_stm32f446xx.s
      At line 270 in file src\startup_stm32f446xx.s

I2C1_ER_IRQHandler 0000004E

Symbol: I2C1_ER_IRQHandler
   Definitions
      At line 429 in file src\startup_stm32f446xx.s
   Uses
      At line 143 in file src\startup_stm32f446xx.s
      At line 340 in file src\startup_stm32f446xx.s

I2C1_EV_IRQHandler 0000004E

Symbol: I2C1_EV_IRQHandler
   Definitions
      At line 428 in file src\startup_stm32f446xx.s
   Uses
      At line 142 in file src\startup_stm32f446xx.s
      At line 339 in file src\startup_stm32f446xx.s

I2C2_ER_IRQHandler 0000004E

Symbol: I2C2_ER_IRQHandler
   Definitions
      At line 431 in file src\startup_stm32f446xx.s
   Uses
      At line 145 in file src\startup_stm32f446xx.s
      At line 342 in file src\startup_stm32f446xx.s

I2C2_EV_IRQHandler 0000004E




ARM Macro Assembler    Page 8 Alphabetic symbol ordering
Relocatable symbols

Symbol: I2C2_EV_IRQHandler
   Definitions
      At line 430 in file src\startup_stm32f446xx.s
   Uses
      At line 144 in file src\startup_stm32f446xx.s
      At line 341 in file src\startup_stm32f446xx.s

I2C3_ER_IRQHandler 0000004E

Symbol: I2C3_ER_IRQHandler
   Definitions
      At line 468 in file src\startup_stm32f446xx.s
   Uses
      At line 184 in file src\startup_stm32f446xx.s
      At line 379 in file src\startup_stm32f446xx.s

I2C3_EV_IRQHandler 0000004E

Symbol: I2C3_EV_IRQHandler
   Definitions
      At line 467 in file src\startup_stm32f446xx.s
   Uses
      At line 183 in file src\startup_stm32f446xx.s
      At line 378 in file src\startup_stm32f446xx.s

I2C4_Error_IRQHandler 0000004E

Symbol: I2C4_Error_IRQHandler
   Definitions
      At line 482 in file src\startup_stm32f446xx.s
   Uses
      At line 207 in file src\startup_stm32f446xx.s
      At line 395 in file src\startup_stm32f446xx.s

I2C4_Event_IRQHandler 0000004E

Symbol: I2C4_Event_IRQHandler
   Definitions
      At line 481 in file src\startup_stm32f446xx.s
   Uses
      At line 206 in file src\startup_stm32f446xx.s
      At line 394 in file src\startup_stm32f446xx.s

Initialize_ZI 0000001A

Symbol: Initialize_ZI
   Definitions
      At line 237 in file src\startup_stm32f446xx.s
   Uses
      At line 239 in file src\startup_stm32f446xx.s
Comment: Initialize_ZI used once
MemManage_Handler 00000040

Symbol: MemManage_Handler
   Definitions
      At line 274 in file src\startup_stm32f446xx.s
   Uses
      At line 97 in file src\startup_stm32f446xx.s
      At line 275 in file src\startup_stm32f446xx.s



ARM Macro Assembler    Page 9 Alphabetic symbol ordering
Relocatable symbols


NMI_Handler 0000003C

Symbol: NMI_Handler
   Definitions
      At line 264 in file src\startup_stm32f446xx.s
   Uses
      At line 95 in file src\startup_stm32f446xx.s
      At line 265 in file src\startup_stm32f446xx.s

OTG_FS_IRQHandler 0000004E

Symbol: OTG_FS_IRQHandler
   Definitions
      At line 462 in file src\startup_stm32f446xx.s
   Uses
      At line 178 in file src\startup_stm32f446xx.s
      At line 373 in file src\startup_stm32f446xx.s

OTG_FS_WKUP_IRQHandler 0000004E

Symbol: OTG_FS_WKUP_IRQHandler
   Definitions
      At line 439 in file src\startup_stm32f446xx.s
   Uses
      At line 153 in file src\startup_stm32f446xx.s
      At line 350 in file src\startup_stm32f446xx.s

OTG_HS_EP1_IN_IRQHandler 0000004E

Symbol: OTG_HS_EP1_IN_IRQHandler
   Definitions
      At line 470 in file src\startup_stm32f446xx.s
   Uses
      At line 186 in file src\startup_stm32f446xx.s
      At line 381 in file src\startup_stm32f446xx.s

OTG_HS_EP1_OUT_IRQHandler 0000004E

Symbol: OTG_HS_EP1_OUT_IRQHandler
   Definitions
      At line 469 in file src\startup_stm32f446xx.s
   Uses
      At line 185 in file src\startup_stm32f446xx.s
      At line 380 in file src\startup_stm32f446xx.s

OTG_HS_IRQHandler 0000004E

Symbol: OTG_HS_IRQHandler
   Definitions
      At line 472 in file src\startup_stm32f446xx.s
   Uses
      At line 188 in file src\startup_stm32f446xx.s
      At line 383 in file src\startup_stm32f446xx.s

OTG_HS_WKUP_IRQHandler 0000004E

Symbol: OTG_HS_WKUP_IRQHandler
   Definitions



ARM Macro Assembler    Page 10 Alphabetic symbol ordering
Relocatable symbols

      At line 471 in file src\startup_stm32f446xx.s
   Uses
      At line 187 in file src\startup_stm32f446xx.s
      At line 382 in file src\startup_stm32f446xx.s

PVD_IRQHandler 0000004E

Symbol: PVD_IRQHandler
   Definitions
      At line 398 in file src\startup_stm32f446xx.s
   Uses
      At line 112 in file src\startup_stm32f446xx.s
      At line 309 in file src\startup_stm32f446xx.s

PendSV_Handler 0000004A

Symbol: PendSV_Handler
   Definitions
      At line 297 in file src\startup_stm32f446xx.s
   Uses
      At line 107 in file src\startup_stm32f446xx.s
      At line 298 in file src\startup_stm32f446xx.s

QUADSPI_IRQHandler 0000004E

Symbol: QUADSPI_IRQHandler
   Definitions
      At line 478 in file src\startup_stm32f446xx.s
   Uses
      At line 203 in file src\startup_stm32f446xx.s
      At line 391 in file src\startup_stm32f446xx.s

RCC_IRQHandler 0000004E

Symbol: RCC_IRQHandler
   Definitions
      At line 402 in file src\startup_stm32f446xx.s
   Uses
      At line 116 in file src\startup_stm32f446xx.s
      At line 313 in file src\startup_stm32f446xx.s

RTC_Alarm_IRQHandler 0000004E

Symbol: RTC_Alarm_IRQHandler
   Definitions
      At line 438 in file src\startup_stm32f446xx.s
   Uses
      At line 152 in file src\startup_stm32f446xx.s
      At line 349 in file src\startup_stm32f446xx.s

RTC_WKUP_IRQHandler 0000004E

Symbol: RTC_WKUP_IRQHandler
   Definitions
      At line 400 in file src\startup_stm32f446xx.s
   Uses
      At line 114 in file src\startup_stm32f446xx.s
      At line 311 in file src\startup_stm32f446xx.s




ARM Macro Assembler    Page 11 Alphabetic symbol ordering
Relocatable symbols

Reset_Handler 00000000

Symbol: Reset_Handler
   Definitions
      At line 215 in file src\startup_stm32f446xx.s
   Uses
      At line 94 in file src\startup_stm32f446xx.s
      At line 216 in file src\startup_stm32f446xx.s

SAI1_IRQHandler 0000004E

Symbol: SAI1_IRQHandler
   Definitions
      At line 476 in file src\startup_stm32f446xx.s
   Uses
      At line 198 in file src\startup_stm32f446xx.s
      At line 387 in file src\startup_stm32f446xx.s
      At line 389 in file src\startup_stm32f446xx.s

SAI2_IRQHandler 0000004E

Symbol: SAI2_IRQHandler
   Definitions
      At line 477 in file src\startup_stm32f446xx.s
   Uses
      At line 202 in file src\startup_stm32f446xx.s
      At line 390 in file src\startup_stm32f446xx.s

SDIO_IRQHandler 0000004E

Symbol: SDIO_IRQHandler
   Definitions
      At line 446 in file src\startup_stm32f446xx.s
   Uses
      At line 160 in file src\startup_stm32f446xx.s
      At line 357 in file src\startup_stm32f446xx.s

SPDIF_RX_IRQHandler 0000004E

Symbol: SPDIF_RX_IRQHandler
   Definitions
      At line 480 in file src\startup_stm32f446xx.s
   Uses
      At line 205 in file src\startup_stm32f446xx.s
      At line 393 in file src\startup_stm32f446xx.s

SPI1_IRQHandler 0000004E

Symbol: SPI1_IRQHandler
   Definitions
      At line 432 in file src\startup_stm32f446xx.s
   Uses
      At line 146 in file src\startup_stm32f446xx.s
      At line 343 in file src\startup_stm32f446xx.s

SPI2_IRQHandler 0000004E

Symbol: SPI2_IRQHandler
   Definitions



ARM Macro Assembler    Page 12 Alphabetic symbol ordering
Relocatable symbols

      At line 433 in file src\startup_stm32f446xx.s
   Uses
      At line 147 in file src\startup_stm32f446xx.s
      At line 344 in file src\startup_stm32f446xx.s

SPI3_IRQHandler 0000004E

Symbol: SPI3_IRQHandler
   Definitions
      At line 448 in file src\startup_stm32f446xx.s
   Uses
      At line 162 in file src\startup_stm32f446xx.s
      At line 359 in file src\startup_stm32f446xx.s

SPI4_IRQHandler 0000004E

Symbol: SPI4_IRQHandler
   Definitions
      At line 475 in file src\startup_stm32f446xx.s
   Uses
      At line 195 in file src\startup_stm32f446xx.s
      At line 386 in file src\startup_stm32f446xx.s
      At line 388 in file src\startup_stm32f446xx.s

SVC_Handler 00000046

Symbol: SVC_Handler
   Definitions
      At line 288 in file src\startup_stm32f446xx.s
   Uses
      At line 104 in file src\startup_stm32f446xx.s
      At line 289 in file src\startup_stm32f446xx.s

SysTick_Handler 0000004C

Symbol: SysTick_Handler
   Definitions
      At line 301 in file src\startup_stm32f446xx.s
   Uses
      At line 108 in file src\startup_stm32f446xx.s
      At line 302 in file src\startup_stm32f446xx.s

TAMP_STAMP_IRQHandler 0000004E

Symbol: TAMP_STAMP_IRQHandler
   Definitions
      At line 399 in file src\startup_stm32f446xx.s
   Uses
      At line 113 in file src\startup_stm32f446xx.s
      At line 310 in file src\startup_stm32f446xx.s

TIM1_BRK_TIM9_IRQHandler 0000004E

Symbol: TIM1_BRK_TIM9_IRQHandler
   Definitions
      At line 421 in file src\startup_stm32f446xx.s
   Uses
      At line 135 in file src\startup_stm32f446xx.s
      At line 332 in file src\startup_stm32f446xx.s



ARM Macro Assembler    Page 13 Alphabetic symbol ordering
Relocatable symbols


TIM1_CC_IRQHandler 0000004E

Symbol: TIM1_CC_IRQHandler
   Definitions
      At line 424 in file src\startup_stm32f446xx.s
   Uses
      At line 138 in file src\startup_stm32f446xx.s
      At line 335 in file src\startup_stm32f446xx.s

TIM1_TRG_COM_TIM11_IRQHandler 0000004E

Symbol: TIM1_TRG_COM_TIM11_IRQHandler
   Definitions
      At line 423 in file src\startup_stm32f446xx.s
   Uses
      At line 137 in file src\startup_stm32f446xx.s
      At line 334 in file src\startup_stm32f446xx.s

TIM1_UP_TIM10_IRQHandler 0000004E

Symbol: TIM1_UP_TIM10_IRQHandler
   Definitions
      At line 422 in file src\startup_stm32f446xx.s
   Uses
      At line 136 in file src\startup_stm32f446xx.s
      At line 333 in file src\startup_stm32f446xx.s

TIM2_IRQHandler 0000004E

Symbol: TIM2_IRQHandler
   Definitions
      At line 425 in file src\startup_stm32f446xx.s
   Uses
      At line 139 in file src\startup_stm32f446xx.s
      At line 336 in file src\startup_stm32f446xx.s

TIM3_IRQHandler 0000004E

Symbol: TIM3_IRQHandler
   Definitions
      At line 426 in file src\startup_stm32f446xx.s
   Uses
      At line 140 in file src\startup_stm32f446xx.s
      At line 337 in file src\startup_stm32f446xx.s

TIM4_IRQHandler 0000004E

Symbol: TIM4_IRQHandler
   Definitions
      At line 427 in file src\startup_stm32f446xx.s
   Uses
      At line 141 in file src\startup_stm32f446xx.s
      At line 338 in file src\startup_stm32f446xx.s

TIM5_IRQHandler 0000004E

Symbol: TIM5_IRQHandler
   Definitions



ARM Macro Assembler    Page 14 Alphabetic symbol ordering
Relocatable symbols

      At line 447 in file src\startup_stm32f446xx.s
   Uses
      At line 161 in file src\startup_stm32f446xx.s
      At line 358 in file src\startup_stm32f446xx.s

TIM6_DAC_IRQHandler 0000004E

Symbol: TIM6_DAC_IRQHandler
   Definitions
      At line 451 in file src\startup_stm32f446xx.s
   Uses
      At line 165 in file src\startup_stm32f446xx.s
      At line 362 in file src\startup_stm32f446xx.s

TIM7_IRQHandler 0000004E

Symbol: TIM7_IRQHandler
   Definitions
      At line 452 in file src\startup_stm32f446xx.s
   Uses
      At line 166 in file src\startup_stm32f446xx.s
      At line 363 in file src\startup_stm32f446xx.s

TIM8_BRK_TIM12_IRQHandler 0000004E

Symbol: TIM8_BRK_TIM12_IRQHandler
   Definitions
      At line 440 in file src\startup_stm32f446xx.s
   Uses
      At line 154 in file src\startup_stm32f446xx.s
      At line 351 in file src\startup_stm32f446xx.s

TIM8_CC_IRQHandler 0000004E

Symbol: TIM8_CC_IRQHandler
   Definitions
      At line 443 in file src\startup_stm32f446xx.s
   Uses
      At line 157 in file src\startup_stm32f446xx.s
      At line 354 in file src\startup_stm32f446xx.s

TIM8_TRG_COM_TIM14_IRQHandler 0000004E

Symbol: TIM8_TRG_COM_TIM14_IRQHandler
   Definitions
      At line 442 in file src\startup_stm32f446xx.s
   Uses
      At line 156 in file src\startup_stm32f446xx.s
      At line 353 in file src\startup_stm32f446xx.s

TIM8_UP_TIM13_IRQHandler 0000004E

Symbol: TIM8_UP_TIM13_IRQHandler
   Definitions
      At line 441 in file src\startup_stm32f446xx.s
   Uses
      At line 155 in file src\startup_stm32f446xx.s
      At line 352 in file src\startup_stm32f446xx.s




ARM Macro Assembler    Page 15 Alphabetic symbol ordering
Relocatable symbols

UART4_IRQHandler 0000004E

Symbol: UART4_IRQHandler
   Definitions
      At line 449 in file src\startup_stm32f446xx.s
   Uses
      At line 163 in file src\startup_stm32f446xx.s
      At line 360 in file src\startup_stm32f446xx.s

UART5_IRQHandler 0000004E

Symbol: UART5_IRQHandler
   Definitions
      At line 450 in file src\startup_stm32f446xx.s
   Uses
      At line 164 in file src\startup_stm32f446xx.s
      At line 361 in file src\startup_stm32f446xx.s

USART1_IRQHandler 0000004E

Symbol: USART1_IRQHandler
   Definitions
      At line 434 in file src\startup_stm32f446xx.s
   Uses
      At line 148 in file src\startup_stm32f446xx.s
      At line 345 in file src\startup_stm32f446xx.s

USART2_IRQHandler 0000004E

Symbol: USART2_IRQHandler
   Definitions
      At line 435 in file src\startup_stm32f446xx.s
   Uses
      At line 149 in file src\startup_stm32f446xx.s
      At line 346 in file src\startup_stm32f446xx.s

USART3_IRQHandler 0000004E

Symbol: USART3_IRQHandler
   Definitions
      At line 436 in file src\startup_stm32f446xx.s
   Uses
      At line 150 in file src\startup_stm32f446xx.s
      At line 347 in file src\startup_stm32f446xx.s

USART6_IRQHandler 0000004E

Symbol: USART6_IRQHandler
   Definitions
      At line 466 in file src\startup_stm32f446xx.s
   Uses
      At line 182 in file src\startup_stm32f446xx.s
      At line 377 in file src\startup_stm32f446xx.s

UsageFault_Handler 00000044

Symbol: UsageFault_Handler
   Definitions
      At line 284 in file src\startup_stm32f446xx.s



ARM Macro Assembler    Page 16 Alphabetic symbol ordering
Relocatable symbols

   Uses
      At line 99 in file src\startup_stm32f446xx.s
      At line 285 in file src\startup_stm32f446xx.s

WWDG_IRQHandler 0000004E

Symbol: WWDG_IRQHandler
   Definitions
      At line 397 in file src\startup_stm32f446xx.s
   Uses
      At line 111 in file src\startup_stm32f446xx.s
      At line 308 in file src\startup_stm32f446xx.s

__user_initial_stackheap 00000050

Symbol: __user_initial_stackheap
   Definitions
      At line 503 in file src\startup_stm32f446xx.s
   Uses
      At line 501 in file src\startup_stm32f446xx.s
Comment: __user_initial_stackheap used once
101 symbols



ARM Macro Assembler    Page 1 Alphabetic symbol ordering
Absolute symbols

Heap_Size 00000500

Symbol: Heap_Size
   Definitions
      At line 76 in file src\startup_stm32f446xx.s
   Uses
      At line 80 in file src\startup_stm32f446xx.s
      At line 507 in file src\startup_stm32f446xx.s

Stack_Size 00001000

Symbol: Stack_Size
   Definitions
      At line 65 in file src\startup_stm32f446xx.s
   Uses
      At line 68 in file src\startup_stm32f446xx.s
      At line 506 in file src\startup_stm32f446xx.s

__Vectors_Size 000001C4

Symbol: __Vectors_Size
   Definitions
      At line 210 in file src\startup_stm32f446xx.s
   Uses
      At line 91 in file src\startup_stm32f446xx.s
Comment: __Vectors_Size used once
3 symbols



ARM Macro Assembler    Page 1 Alphabetic symbol ordering
External symbols

Image$$ER_IROM1$$RO$$Base 00000000

Symbol: Image$$ER_IROM1$$RO$$Base
   Definitions
      At line 34 in file src\startup_stm32f446xx.s
   Uses
      None
Comment: Image$$ER_IROM1$$RO$$Base unused
Image$$ER_IROM1$$RO$$Length 00000000

Symbol: Image$$ER_IROM1$$RO$$Length
   Definitions
      At line 36 in file src\startup_stm32f446xx.s
   Uses
      None
Comment: Image$$ER_IROM1$$RO$$Length unused
Image$$ER_IROM1$$RO$$Limit 00000000

Symbol: Image$$ER_IROM1$$RO$$Limit
   Definitions
      At line 35 in file src\startup_stm32f446xx.s
   Uses
      At line 226 in file src\startup_stm32f446xx.s
Comment: Image$$ER_IROM1$$RO$$Limit used once
Image$$ER_IROM1$$RW$$Base 00000000

Symbol: Image$$ER_IROM1$$RW$$Base
   Definitions
      At line 38 in file src\startup_stm32f446xx.s
   Uses
      None
Comment: Image$$ER_IROM1$$RW$$Base unused
Image$$ER_IROM1$$RW$$Length 00000000

Symbol: Image$$ER_IROM1$$RW$$Length
   Definitions
      At line 39 in file src\startup_stm32f446xx.s
   Uses
      None
Comment: Image$$ER_IROM1$$RW$$Length unused
Image$$ER_IROM1$$RW$$Limit 00000000

Symbol: Image$$ER_IROM1$$RW$$Limit
   Definitions
      At line 40 in file src\startup_stm32f446xx.s
   Uses
      None
Comment: Image$$ER_IROM1$$RW$$Limit unused
Image$$ER_IROM1$$ZI$$Base 00000000

Symbol: Image$$ER_IROM1$$ZI$$Base
   Definitions
      At line 42 in file src\startup_stm32f446xx.s
   Uses
      None
Comment: Image$$ER_IROM1$$ZI$$Base unused
Image$$ER_IROM1$$ZI$$Length 00000000

Symbol: Image$$ER_IROM1$$ZI$$Length



ARM Macro Assembler    Page 2 Alphabetic symbol ordering
External symbols

   Definitions
      At line 43 in file src\startup_stm32f446xx.s
   Uses
      None
Comment: Image$$ER_IROM1$$ZI$$Length unused
Image$$ER_IROM1$$ZI$$Limit 00000000

Symbol: Image$$ER_IROM1$$ZI$$Limit
   Definitions
      At line 44 in file src\startup_stm32f446xx.s
   Uses
      None
Comment: Image$$ER_IROM1$$ZI$$Limit unused
Image$$RW_IRAM1$$Base 00000000

Symbol: Image$$RW_IRAM1$$Base
   Definitions
      At line 48 in file src\startup_stm32f446xx.s
   Uses
      None
Comment: Image$$RW_IRAM1$$Base unused
Image$$RW_IRAM1$$Length 00000000

Symbol: Image$$RW_IRAM1$$Length
   Definitions
      At line 49 in file src\startup_stm32f446xx.s
   Uses
      None
Comment: Image$$RW_IRAM1$$Length unused
Image$$RW_IRAM1$$Limit 00000000

Symbol: Image$$RW_IRAM1$$Limit
   Definitions
      At line 50 in file src\startup_stm32f446xx.s
   Uses
      None
Comment: Image$$RW_IRAM1$$Limit unused
Image$$RW_IRAM1$$RO$$Base 00000000

Symbol: Image$$RW_IRAM1$$RO$$Base
   Definitions
      At line 52 in file src\startup_stm32f446xx.s
      At line 53 in file src\startup_stm32f446xx.s
   Uses
      None
Warning: Image$$RW_IRAM1$$RO$$Base multiply definedComment: Image$$RW_IRAM1$$RO
$$Base unused
Image$$RW_IRAM1$$RO$$Length 00000000

Symbol: Image$$RW_IRAM1$$RO$$Length
   Definitions
      At line 54 in file src\startup_stm32f446xx.s
   Uses
      None
Comment: Image$$RW_IRAM1$$RO$$Length unused
Image$$RW_IRAM1$$RW$$Base 00000000

Symbol: Image$$RW_IRAM1$$RW$$Base
   Definitions



ARM Macro Assembler    Page 3 Alphabetic symbol ordering
External symbols

      At line 56 in file src\startup_stm32f446xx.s
   Uses
      At line 227 in file src\startup_stm32f446xx.s
Comment: Image$$RW_IRAM1$$RW$$Base used once
Image$$RW_IRAM1$$RW$$Length 00000000

Symbol: Image$$RW_IRAM1$$RW$$Length
   Definitions
      At line 58 in file src\startup_stm32f446xx.s
   Uses
      None
Comment: Image$$RW_IRAM1$$RW$$Length unused
Image$$RW_IRAM1$$RW$$Limit 00000000

Symbol: Image$$RW_IRAM1$$RW$$Limit
   Definitions
      At line 57 in file src\startup_stm32f446xx.s
   Uses
      None
Comment: Image$$RW_IRAM1$$RW$$Limit unused
Image$$RW_IRAM1$$ZI$$Base 00000000

Symbol: Image$$RW_IRAM1$$ZI$$Base
   Definitions
      At line 60 in file src\startup_stm32f446xx.s
   Uses
      At line 228 in file src\startup_stm32f446xx.s
Comment: Image$$RW_IRAM1$$ZI$$Base used once
Image$$RW_IRAM1$$ZI$$Length 00000000

Symbol: Image$$RW_IRAM1$$ZI$$Length
   Definitions
      At line 62 in file src\startup_stm32f446xx.s
   Uses
      None
Comment: Image$$RW_IRAM1$$ZI$$Length unused
Image$$RW_IRAM1$$ZI$$Limit 00000000

Symbol: Image$$RW_IRAM1$$ZI$$Limit
   Definitions
      At line 61 in file src\startup_stm32f446xx.s
   Uses
      At line 235 in file src\startup_stm32f446xx.s
Comment: Image$$RW_IRAM1$$ZI$$Limit used once
Load$$ER_IROM1$$Base 00000000

Symbol: Load$$ER_IROM1$$Base
   Definitions
      At line 32 in file src\startup_stm32f446xx.s
   Uses
      None
Comment: Load$$ER_IROM1$$Base unused
Load$$RW_IRAM1$$Base 00000000

Symbol: Load$$RW_IRAM1$$Base
   Definitions
      At line 47 in file src\startup_stm32f446xx.s
   Uses
      None



ARM Macro Assembler    Page 4 Alphabetic symbol ordering
External symbols

Comment: Load$$RW_IRAM1$$Base unused
__main 00000000

Symbol: __main
   Definitions
      At line 218 in file src\startup_stm32f446xx.s
   Uses
      At line 258 in file src\startup_stm32f446xx.s
Comment: __main used once
__use_two_region_memory 00000000

Symbol: __use_two_region_memory
   Definitions
      At line 500 in file src\startup_stm32f446xx.s
   Uses
      None
Comment: __use_two_region_memory unused
24 symbols
477 symbols in table
